<?xml version="1.0" encoding="UTF-8"?>
<!-- Generated by org.testng.reporters.JUnitXMLReporter -->
<testsuite ignored="3" hostname="DESKTOP-RSMIM3G" failures="0" tests="2" name="Test" time="0.235" errors="0" timestamp="2022-04-06T21:56:28 IST">
  <testcase classname="TESTNG.TESTINGCLASS1" name="testcase2" time="0.03"/>
  <testcase classname="TESTNG.NewTest3" name="homepage" time="0.003"/>
  <testcase classname="TESTNG.NewTest3" name="generalTak" time="0.0">
    <ignored/>
  </testcase> <!-- generalTak -->
  <testcase classname="TESTNG.TESTINGCLASS1" name="testcase1" time="0.0">
    <ignored/>
  </testcase> <!-- testcase1 -->
  <testcase classname="TESTNG.TESTINGCLASS1" name="testcase3" time="0.0">
    <ignored/>
  </testcase> <!-- testcase3 -->
</testsuite> <!-- Test -->
