<?xml version="1.0" encoding="UTF-8"?>
<testng-results ignored="3" total="5" passed="2" failed="0" skipped="0">
  <reporter-output>
  </reporter-output>
  <suite started-at="2022-04-06T21:56:28 IST" name="Suite" finished-at="2022-04-06T21:56:28 IST" duration-ms="235">
    <groups>
      <group name="sanity">
        <method signature="NewTest3.homepage()[pri:0, instance:TESTNG.NewTest3@245b4bdc]" name="homepage" class="TESTNG.NewTest3"/>
        <method signature="TESTINGCLASS1.testcase2()[pri:0, instance:TESTNG.TESTINGCLASS1@4fb0f2b9]" name="testcase2" class="TESTNG.TESTINGCLASS1"/>
      </group> <!-- sanity -->
    </groups>
    <test started-at="2022-04-06T21:56:28 IST" name="Test" finished-at="2022-04-06T21:56:28 IST" duration-ms="235">
      <class name="TESTNG.NewTest3">
        <test-method signature="homepage()[pri:0, instance:TESTNG.NewTest3@245b4bdc]" started-at="2022-04-06T21:56:28 IST" name="homepage" finished-at="2022-04-06T21:56:28 IST" duration-ms="3" status="PASS">
          <reporter-output>
          </reporter-output>
        </test-method> <!-- homepage -->
      </class> <!-- TESTNG.NewTest3 -->
      <class name="TESTNG.TESTINGCLASS1">
        <test-method signature="testcase2()[pri:0, instance:TESTNG.TESTINGCLASS1@4fb0f2b9]" started-at="2022-04-06T21:56:28 IST" name="testcase2" finished-at="2022-04-06T21:56:28 IST" duration-ms="30" status="PASS">
          <reporter-output>
          </reporter-output>
        </test-method> <!-- testcase2 -->
      </class> <!-- TESTNG.TESTINGCLASS1 -->
    </test> <!-- Test -->
  </suite> <!-- Suite -->
</testng-results>
